<?xml version="1.0" encoding="UTF-8"?>
<testsuite name="com.bhengubv.circleai.AffectStateTest" tests="12" skipped="0" failures="0" errors="0" timestamp="2026-05-12T23:33:08" hostname="SHONGOLOLO" time="0.081">
  <properties/>
  <testcase name="[1] AffectVector(id=positive_signal_once, description=Apply one positive signal from the default state., inputCuriosity=0.5, inputEngagement=0.5, inputUncertainty=0.2, inputRapport=0.0, inputEnergy=0.5, operation=positive_signal, operationParam={}, expectedCuriosity=0.5, expectedEngagement=0.52, expectedUncertainty=0.18, expectedRapport=0.01, expectedEnergy=0.5)" classname="com.bhengubv.circleai.AffectStateTest" time="0.047"/>
  <testcase name="[2] AffectVector(id=positive_signal_twice, description=Apply two positive signals in succession from the default state., inputCuriosity=0.5, inputEngagement=0.5, inputUncertainty=0.2, inputRapport=0.0, inputEnergy=0.5, operation=positive_signal, operationParam={&quot;count&quot;:2}, expectedCuriosity=0.5, expectedEngagement=0.54, expectedUncertainty=0.16, expectedRapport=0.02, expectedEnergy=0.5)" classname="com.bhengubv.circleai.AffectStateTest" time="0.003"/>
  <testcase name="[3] AffectVector(id=negative_signal_once, description=Apply one negative signal from the default state., inputCuriosity=0.5, inputEngagement=0.5, inputUncertainty=0.2, inputRapport=0.0, inputEnergy=0.5, operation=negative_signal, operationParam={}, expectedCuriosity=0.5, expectedEngagement=0.47, expectedUncertainty=0.23, expectedRapport=0.0, expectedEnergy=0.5)" classname="com.bhengubv.circleai.AffectStateTest" time="0.001"/>
  <testcase name="[4] AffectVector(id=negative_signal_twice, description=Apply two negative signals in succession from the default state., inputCuriosity=0.5, inputEngagement=0.5, inputUncertainty=0.2, inputRapport=0.0, inputEnergy=0.5, operation=negative_signal, operationParam={&quot;count&quot;:2}, expectedCuriosity=0.5, expectedEngagement=0.44, expectedUncertainty=0.26, expectedRapport=0.0, expectedEnergy=0.5)" classname="com.bhengubv.circleai.AffectStateTest" time="0.001"/>
  <testcase name="[5] AffectVector(id=positive_then_negative, description=Apply positive then negative from the default state., inputCuriosity=0.5, inputEngagement=0.5, inputUncertainty=0.2, inputRapport=0.0, inputEnergy=0.5, operation=positive_then_negative, operationParam={}, expectedCuriosity=0.5, expectedEngagement=0.49, expectedUncertainty=0.21, expectedRapport=0.01, expectedEnergy=0.5)" classname="com.bhengubv.circleai.AffectStateTest" time="0.002"/>
  <testcase name="[6] AffectVector(id=negative_then_positive, description=Apply negative then positive from the default state., inputCuriosity=0.5, inputEngagement=0.5, inputUncertainty=0.2, inputRapport=0.0, inputEnergy=0.5, operation=negative_then_positive, operationParam={}, expectedCuriosity=0.5, expectedEngagement=0.49, expectedUncertainty=0.21, expectedRapport=0.01, expectedEnergy=0.5)" classname="com.bhengubv.circleai.AffectStateTest" time="0.001"/>
  <testcase name="[7] AffectVector(id=idle_decay_1h, description=Idle decay for 1 hour from an elevated state. decay = min(0.3, 1*0.02) = 0.02., inputCuriosity=0.5, inputEngagement=0.8, inputUncertainty=0.2, inputRapport=0.4, inputEnergy=0.7, operation=idle_decay, operationParam={&quot;hours&quot;:1.0}, expectedCuriosity=0.5, expectedEngagement=0.794, expectedUncertainty=0.2, expectedRapport=0.4, expectedEnergy=0.696)" classname="com.bhengubv.circleai.AffectStateTest" time="0.001"/>
  <testcase name="[8] AffectVector(id=idle_decay_8h, description=Idle decay for 8 hours from an elevated state. decay = min(0.3, 8*0.02) = 0.16., inputCuriosity=0.5, inputEngagement=0.8, inputUncertainty=0.2, inputRapport=0.4, inputEnergy=0.7, operation=idle_decay, operationParam={&quot;hours&quot;:8.0}, expectedCuriosity=0.5, expectedEngagement=0.752, expectedUncertainty=0.2, expectedRapport=0.4, expectedEnergy=0.668)" classname="com.bhengubv.circleai.AffectStateTest" time="0.001"/>
  <testcase name="[9] AffectVector(id=idle_decay_24h, description=Idle decay for 24 hours. decay = min(0.3, 24*0.02) = 0.3 (capped)., inputCuriosity=0.5, inputEngagement=0.8, inputUncertainty=0.2, inputRapport=0.4, inputEnergy=0.7, operation=idle_decay, operationParam={&quot;hours&quot;:24.0}, expectedCuriosity=0.5, expectedEngagement=0.71, expectedUncertainty=0.2, expectedRapport=0.4, expectedEnergy=0.64)" classname="com.bhengubv.circleai.AffectStateTest" time="0.001"/>
  <testcase name="[10] AffectVector(id=clamp_max_positive, description=Positive signal from near-max state: Engagement and Rapport must clamp to 1.0, Uncertainty to 0.0., inputCuriosity=0.5, inputEngagement=0.99, inputUncertainty=0.01, inputRapport=0.99, inputEnergy=0.5, operation=positive_signal, operationParam={}, expectedCuriosity=0.5, expectedEngagement=1.0, expectedUncertainty=0.0, expectedRapport=1.0, expectedEnergy=0.5)" classname="com.bhengubv.circleai.AffectStateTest" time="0.001"/>
  <testcase name="[11] AffectVector(id=clamp_min_negative, description=Negative signal from near-zero state: Engagement must clamp to 0.0, Uncertainty to 1.0., inputCuriosity=0.5, inputEngagement=0.01, inputUncertainty=0.98, inputRapport=0.0, inputEnergy=0.5, operation=negative_signal, operationParam={}, expectedCuriosity=0.5, expectedEngagement=0.0, expectedUncertainty=1.0, expectedRapport=0.0, expectedEnergy=0.5)" classname="com.bhengubv.circleai.AffectStateTest" time="0.0"/>
  <testcase name="[12] AffectVector(id=idle_decay_neutral_no_change, description=Decay when Engagement and Energy are already at neutral (0.5): result must be identical to input., inputCuriosity=0.5, inputEngagement=0.5, inputUncertainty=0.2, inputRapport=0.0, inputEnergy=0.5, operation=idle_decay, operationParam={&quot;hours&quot;:8.0}, expectedCuriosity=0.5, expectedEngagement=0.5, expectedUncertainty=0.2, expectedRapport=0.0, expectedEnergy=0.5)" classname="com.bhengubv.circleai.AffectStateTest" time="0.001"/>
  <system-out><![CDATA[]]></system-out>
  <system-err><![CDATA[]]></system-err>
</testsuite>
