<?xml version="1.0" encoding="UTF-8"?>
<testsuite name="com.bhengubv.circleai.IdentityTest" tests="9" skipped="0" failures="0" errors="0" timestamp="2026-05-12T23:33:09" hostname="SHONGOLOLO" time="0.015">
  <properties/>
  <testcase name="IdentityTier ordinals are correct()" classname="com.bhengubv.circleai.IdentityTest" time="0.001"/>
  <testcase name="fixture pseudonymous_single_device identity parses correctly()" classname="com.bhengubv.circleai.IdentityTest" time="0.003"/>
  <testcase name="fixture verified_multi_device identity parses correctly()" classname="com.bhengubv.circleai.IdentityTest" time="0.002"/>
  <testcase name="IdentityTier has exactly 3 values()" classname="com.bhengubv.circleai.IdentityTest" time="0.001"/>
  <testcase name="fixture verified_multi_device devices parse correctly()" classname="com.bhengubv.circleai.IdentityTest" time="0.003"/>
  <testcase name="CircleIdentity copy works correctly()" classname="com.bhengubv.circleai.IdentityTest" time="0.001"/>
  <testcase name="IdentityTier values are Anonymous Pseudonymous Verified in order()" classname="com.bhengubv.circleai.IdentityTest" time="0.001"/>
  <testcase name="fixture anonymous_iot has null preferredLanguage and null deviceName()" classname="com.bhengubv.circleai.IdentityTest" time="0.002"/>
  <testcase name="fixture platforms list has 8 entries()" classname="com.bhengubv.circleai.IdentityTest" time="0.001"/>
  <system-out><![CDATA[]]></system-out>
  <system-err><![CDATA[]]></system-err>
</testsuite>
